# JRE version: OpenJDK Runtime Environment (11.0.15) (build 11.0.15+0-b2043.56-8887301)
# Java VM: OpenJDK 64-Bit Server VM (11.0.15+0-b2043.56-8887301, mixed mode, tiered, compressed oops, g1 gc, windows-amd64)
Heap:
 garbage-first heap   total 378880K, used 222208K [0x0000000080000000, 0x0000000100000000)
  region size 1024K, 29 young (29696K), 5 survivors (5120K)
 Metaspace       used 109355K, capacity 112458K, committed 112688K, reserved 1146880K
  class space    used 13960K, capacity 15117K, committed 15232K, reserved 1048576K
GC Heap History (20 events):
Event: 71.866 GC heap before
{Heap before GC invocations=72 (full 0):
 garbage-first heap   total 248832K, used 123824K [0x0000000080000000, 0x0000000100000000)
  region size 1024K, 12 young (12288K), 2 survivors (2048K)
 Metaspace       used 95272K, capacity 97813K, committed 97968K, reserved 1134592K
  class space    used 12029K, capacity 13029K, committed 13056K, reserved 1048576K
}
Event: 71.927 GC heap after
{Heap after GC invocations=73 (full 0):
 garbage-first heap   total 299008K, used 99336K [0x0000000080000000, 0x0000000100000000)
  region size 1024K, 1 young (1024K), 1 survivors (1024K)
 Metaspace       used 95272K, capacity 97813K, committed 97968K, reserved 1134592K
  class space    used 12029K, capacity 13029K, committed 13056K, reserved 1048576K
}
Event: 76.270 GC heap before
{Heap before GC invocations=73 (full 0):
 garbage-first heap   total 299008K, used 168968K [0x0000000080000000, 0x0000000100000000)
  region size 1024K, 69 young (70656K), 1 survivors (1024K)
 Metaspace       used 99868K, capacity 102474K, committed 102704K, reserved 1138688K
  class space    used 12591K, capacity 13587K, committed 13696K, reserved 1048576K
}
Event: 76.327 GC heap after
{Heap after GC invocations=74 (full 0):
 garbage-first heap   total 299008K, used 102307K [0x0000000080000000, 0x0000000100000000)
  region size 1024K, 4 young (4096K), 4 survivors (4096K)
 Metaspace       used 99868K, capacity 102474K, committed 102704K, reserved 1138688K
  class space    used 12591K, capacity 13587K, committed 13696K, reserved 1048576K
}
Event: 82.826 GC heap before
{Heap before GC invocations=74 (full 0):
 garbage-first heap   total 299008K, used 177059K [0x0000000080000000, 0x0000000100000000)
  region size 1024K, 78 young (79872K), 4 survivors (4096K)
 Metaspace       used 101097K, capacity 103719K, committed 103856K, reserved 1138688K
  class space    used 12721K, capacity 13723K, committed 13824K, reserved 1048576K
}
Event: 82.887 GC heap after
{Heap after GC invocations=75 (full 0):
 garbage-first heap   total 299008K, used 108420K [0x0000000080000000, 0x0000000100000000)
  region size 1024K, 10 young (10240K), 10 survivors (10240K)
 Metaspace       used 101097K, capacity 103719K, committed 103856K, reserved 1138688K
  class space    used 12721K, capacity 13723K, committed 13824K, reserved 1048576K
}
Event: 88.351 GC heap before
{Heap before GC invocations=75 (full 0):
 garbage-first heap   total 299008K, used 206724K [0x0000000080000000, 0x0000000100000000)
  region size 1024K, 94 young (96256K), 10 survivors (10240K)
 Metaspace       used 102618K, capacity 105409K, committed 105648K, reserved 1140736K
  class space    used 12889K, capacity 13953K, committed 14080K, reserved 1048576K
}
Event: 88.687 GC heap after
{Heap after GC invocations=76 (full 0):
 garbage-first heap   total 299008K, used 129795K [0x0000000080000000, 0x0000000100000000)
  region size 1024K, 12 young (12288K), 12 survivors (12288K)
 Metaspace       used 102618K, capacity 105409K, committed 105648K, reserved 1140736K
  class space    used 12889K, capacity 13953K, committed 14080K, reserved 1048576K
}
Event: 91.422 GC heap before
{Heap before GC invocations=76 (full 0):
 garbage-first heap   total 299008K, used 177923K [0x0000000080000000, 0x0000000100000000)
  region size 1024K, 44 young (45056K), 12 survivors (12288K)
 Metaspace       used 105796K, capacity 108722K, committed 108848K, reserved 1144832K
  class space    used 13347K, capacity 14453K, committed 14464K, reserved 1048576K
}
Event: 91.584 GC heap after
{Heap after GC invocations=77 (full 0):
 garbage-first heap   total 378880K, used 139140K [0x0000000080000000, 0x0000000100000000)
  region size 1024K, 6 young (6144K), 6 survivors (6144K)
 Metaspace       used 105796K, capacity 108722K, committed 108848K, reserved 1144832K
  class space    used 13347K, capacity 14453K, committed 14464K, reserved 1048576K
}
Event: 94.679 GC heap before
{Heap before GC invocations=77 (full 0):
 garbage-first heap   total 378880K, used 183172K [0x0000000080000000, 0x0000000100000000)
  region size 1024K, 41 young (41984K), 6 survivors (6144K)
 Metaspace       used 106122K, capacity 109015K, committed 109232K, reserved 1144832K
  class space    used 13389K, capacity 14486K, committed 14592K, reserved 1048576K
}
Event: 94.761 GC heap after
{Heap after GC invocations=78 (full 0):
 garbage-first heap   total 378880K, used 151457K [0x0000000080000000, 0x0000000100000000)
  region size 1024K, 6 young (6144K), 6 survivors (6144K)
 Metaspace       used 106122K, capacity 109015K, committed 109232K, reserved 1144832K
  class space    used 13389K, capacity 14486K, committed 14592K, reserved 1048576K
}
Event: 95.937 GC heap before
{Heap before GC invocations=79 (full 0):
 garbage-first heap   total 378880K, used 168865K [0x0000000080000000, 0x0000000100000000)
  region size 1024K, 23 young (23552K), 6 survivors (6144K)
 Metaspace       used 107834K, capacity 110793K, committed 110896K, reserved 1144832K
  class space    used 13815K, capacity 14937K, committed 14976K, reserved 1048576K
}
Event: 95.988 GC heap after
{Heap after GC invocations=80 (full 0):
 garbage-first heap   total 378880K, used 158720K [0x0000000080000000, 0x0000000100000000)
  region size 1024K, 3 young (3072K), 3 survivors (3072K)
 Metaspace       used 107834K, capacity 110793K, committed 110896K, reserved 1144832K
  class space    used 13815K, capacity 14937K, committed 14976K, reserved 1048576K
}
Event: 96.237 GC heap before
{Heap before GC invocations=80 (full 0):
 garbage-first heap   total 378880K, used 174080K [0x0000000080000000, 0x0000000100000000)
  region size 1024K, 18 young (18432K), 3 survivors (3072K)
 Metaspace       used 108431K, capacity 111397K, committed 111536K, reserved 1146880K
  class space    used 13858K, capacity 14985K, committed 15104K, reserved 1048576K
}
Event: 96.297 GC heap after
{Heap after GC invocations=81 (full 0):
 garbage-first heap   total 378880K, used 163224K [0x0000000080000000, 0x0000000100000000)
  region size 1024K, 3 young (3072K), 3 survivors (3072K)
 Metaspace       used 108431K, capacity 111397K, committed 111536K, reserved 1146880K
  class space    used 13858K, capacity 14985K, committed 15104K, reserved 1048576K
}
Event: 96.570 GC heap before
{Heap before GC invocations=81 (full 0):
 garbage-first heap   total 378880K, used 194968K [0x0000000080000000, 0x0000000100000000)
  region size 1024K, 35 young (35840K), 3 survivors (3072K)
 Metaspace       used 108501K, capacity 111472K, committed 111792K, reserved 1146880K
  class space    used 13859K, capacity 14986K, committed 15104K, reserved 1048576K
}
Event: 96.655 GC heap after
{Heap after GC invocations=82 (full 0):
 garbage-first heap   total 378880K, used 179923K [0x0000000080000000, 0x0000000100000000)
  region size 1024K, 5 young (5120K), 5 survivors (5120K)
 Metaspace       used 108501K, capacity 111472K, committed 111792K, reserved 1146880K
  class space    used 13859K, capacity 14986K, committed 15104K, reserved 1048576K
}
Event: 97.204 GC heap before
{Heap before GC invocations=82 (full 0):
 garbage-first heap   total 378880K, used 213715K [0x0000000080000000, 0x0000000100000000)
  region size 1024K, 39 young (39936K), 5 survivors (5120K)
 Metaspace       used 108548K, capacity 111543K, committed 111792K, reserved 1146880K
  class space    used 13860K, capacity 14987K, committed 15104K, reserved 1048576K
}
Event: 97.328 GC heap after
{Heap after GC invocations=83 (full 0):
 garbage-first heap   total 378880K, used 198656K [0x0000000080000000, 0x0000000100000000)
  region size 1024K, 5 young (5120K), 5 survivors (5120K)
 Metaspace       used 108548K, capacity 111543K, committed 111792K, reserved 1146880K
  class space    used 13860K, capacity 14987K, committed 15104K, reserved 1048576K
}

